<?xml version="1.0" encoding="UTF-8"?>
<!-- Generated by org.testng.reporters.JUnitReportReporter -->
<testsuite hostname="DESKTOP-2O1JJPC" failures="0" tests="1" name="TheScore.TheScoreTest.NewTest" time="42.847" errors="0" timestamp="2021-05-09T13:30:50 EDT" skipped="0">
  <testcase classname="TheScore.TheScoreTest.NewTest" name="TestLeague" time="42.847"/>
  <system-out/>
</testsuite> <!-- TheScore.TheScoreTest.NewTest -->
