<?xml version="1.0" encoding="UTF-8"?>
<!-- Generated by org.testng.reporters.JUnitReportReporter -->
<testsuite hostname="DESKTOP-2O1JJPC" failures="0" tests="1" name="TheScore.TheScoreTest.ScoreAppTest" time="65.296" errors="0" timestamp="2021-05-10T01:07:26 EDT" skipped="0">
  <testcase classname="TheScore.TheScoreTest.ScoreAppTest" name="TestLeague" time="65.296"/>
  <system-out/>
</testsuite> <!-- TheScore.TheScoreTest.ScoreAppTest -->
